<?xml version="1.0" encoding="UTF-8"?>
<!-- Generated by org.testng.reporters.JUnitReportReporter -->
<testsuite hostname="DESKTOP-HN0PUSP" name="naveen_Automation.Video_6_Handle_Frame" tests="1" failures="0" timestamp="15 Jul 2018 07:54:40 GMT" time="53.362" errors="0">
  <testcase name="Handle_WindowsFrame" time="53.362" classname="naveen_Automation.Video_6_Handle_Frame"/>
</testsuite> <!-- naveen_Automation.Video_6_Handle_Frame -->
