<?xml version="1.0" encoding="UTF-8"?>
<!-- Generated by org.testng.reporters.JUnitReportReporter -->
<testsuite hostname="DESKTOP-HN0PUSP" name="testNG_Package.TestNG_Class2" tests="4" failures="0" timestamp="14 Jul 2018 17:23:38 GMT" time="0.035" errors="0">
  <testcase name="test2" time="0.010" classname="testNG_Package.TestNG_Class2"/>
  <testcase name="test2" time="0.015" classname="testNG_Package.TestNG_Class2"/>
  <testcase name="test1" time="0.010" classname="testNG_Package.TestNG_Class2"/>
  <testcase name="test1" time="0.000" classname="testNG_Package.TestNG_Class2"/>
</testsuite> <!-- testNG_Package.TestNG_Class2 -->
