<?xml version="1.0" encoding="UTF-8"?>
<!-- Generated by org.testng.reporters.JUnitReportReporter -->
<testsuite hostname="DESKTOP-HN0PUSP" name="naveen_Automation.Video__DynemicGoogleSearchHandles" tests="1" failures="0" timestamp="17 Jul 2018 03:07:49 GMT" time="64.650" errors="0">
  <testcase name="Handle_WindowsFrame" time="64.650" classname="naveen_Automation.Video__DynemicGoogleSearchHandles"/>
</testsuite> <!-- naveen_Automation.Video__DynemicGoogleSearchHandles -->
