<?xml version="1.0" encoding="UTF-8"?>
<!-- Generated by org.testng.reporters.JUnitReportReporter -->
<testsuite hostname="DESKTOP-HN0PUSP" name="naveen_Automation.Video_7_Dynemic_wait" tests="1" failures="0" timestamp="15 Jul 2018 17:44:25 GMT" time="159.007" errors="0">
  <testcase name="Handle_WindowsFrame" time="159.007" classname="naveen_Automation.Video_7_Dynemic_wait"/>
</testsuite> <!-- naveen_Automation.Video_7_Dynemic_wait -->
