<?xml version="1.0" encoding="UTF-8"?>
<!-- Generated by org.testng.reporters.JUnitReportReporter -->
<testsuite hostname="DESKTOP-HN0PUSP" name="naveen_Automation.Video_7_Actions_Class" tests="1" failures="0" timestamp="15 Jul 2018 14:18:15 GMT" time="60.317" errors="0">
  <testcase name="Handle_WindowsFrame" time="60.317" classname="naveen_Automation.Video_7_Actions_Class"/>
</testsuite> <!-- naveen_Automation.Video_7_Actions_Class -->
