<?xml version="1.0" encoding="UTF-8"?>
<!-- Generated by org.testng.reporters.JUnitReportReporter -->
<testsuite hostname="DESKTOP-HN0PUSP" name="testNG_Package.TestNG_Class" tests="4" failures="0" timestamp="14 Jul 2018 17:27:06 GMT" time="0.044" errors="0">
  <testcase name="test3" time="0.025" classname="testNG_Package.TestNG_Class"/>
  <testcase name="test1" time="0.009" classname="testNG_Package.TestNG_Class"/>
  <testcase name="test4" time="0.000" classname="testNG_Package.TestNG_Class"/>
  <testcase name="test2" time="0.010" classname="testNG_Package.TestNG_Class"/>
</testsuite> <!-- testNG_Package.TestNG_Class -->
