<?xml version="1.0" encoding="UTF-8"?>
<!-- Generated by org.testng.reporters.JUnitReportReporter -->
<testsuite hostname="DESKTOP-HN0PUSP" name="testNG_Package.DependOnMethod" tests="4" failures="0" timestamp="14 Jul 2018 18:05:26 GMT" time="0.031" errors="0">
  <testcase name="Log_out" time="0.000" classname="testNG_Package.DependOnMethod"/>
  <testcase name="testLogin" time="0.026" classname="testNG_Package.DependOnMethod"/>
  <testcase name="changePassWord" time="0.005" classname="testNG_Package.DependOnMethod"/>
  <testcase name="testLogin" time="0.000" classname="testNG_Package.DependOnMethod"/>
</testsuite> <!-- testNG_Package.DependOnMethod -->
