<?xml version="1.0" encoding="UTF-8"?>
<!-- Generated by org.testng.reporters.JUnitReportReporter -->
<testsuite hostname="DESKTOP-HN0PUSP" name="java_Program.Interview_Program_Class" tests="1" failures="0" timestamp="14 Jul 2018 12:17:10 GMT" time="0.012" errors="0">
  <testcase name="all_Method" time="0.012" classname="java_Program.Interview_Program_Class"/>
</testsuite> <!-- java_Program.Interview_Program_Class -->
