<?xml version="1.0" encoding="UTF-8"?>
<!-- Generated by org.testng.reporters.JUnitReportReporter -->
<testsuite hostname="DESKTOP-HN0PUSP" name="naveen_Automation.Video_7_Actions_DragAndDrop" tests="1" failures="0" timestamp="15 Jul 2018 15:11:15 GMT" time="14.519" errors="0">
  <testcase name="Handle_WindowsFrame" time="14.519" classname="naveen_Automation.Video_7_Actions_DragAndDrop"/>
</testsuite> <!-- naveen_Automation.Video_7_Actions_DragAndDrop -->
