<?xml version="1.0" encoding="UTF-8"?>
<!-- Generated by org.testng.reporters.JUnitReportReporter -->
<testsuite hostname="DESKTOP-HN0PUSP" name="naveen_Automation.Video__BrokenLink_Found" tests="1" failures="0" timestamp="17 Jul 2018 03:51:48 GMT" time="88.226" errors="0">
  <testcase name="Handle_WindowsFrame" time="88.226" classname="naveen_Automation.Video__BrokenLink_Found"/>
</testsuite> <!-- naveen_Automation.Video__BrokenLink_Found -->
