<?xml version="1.0" encoding="UTF-8"?>
<!-- Generated by org.testng.reporters.JUnitReportReporter -->
<testsuite hostname="DESKTOP-HN0PUSP" name="java_Program.All_My_29_Program" tests="1" failures="0" timestamp="14 Jul 2018 13:34:30 GMT" time="0.031" errors="0">
  <testcase name="all" time="0.031" classname="java_Program.All_My_29_Program"/>
</testsuite> <!-- java_Program.All_My_29_Program -->
